2020-12-14 17:03:56.092 [main] INFO  com.demo.oauth2.OauthWebApplication - Starting OauthWebApplication on LAPTOP-P107BEH5 with PID 21784 (D:\java\program\oauth-project\oauth-web\target\classes started by li in D:\java\program\oauth-project)
2020-12-14 17:03:56.094 [main] INFO  com.demo.oauth2.OauthWebApplication - No active profile set, falling back to default profiles: default
2020-12-14 17:03:56.882 [main] INFO  o.s.boot.web.embedded.tomcat.TomcatWebServer - Tomcat initialized with port(s): 8081 (http)
2020-12-14 17:03:56.892 [main] INFO  org.apache.coyote.http11.Http11NioProtocol - Initializing ProtocolHandler ["http-nio-8081"]
2020-12-14 17:03:56.893 [main] INFO  org.apache.catalina.core.StandardService - Starting service [Tomcat]
2020-12-14 17:03:56.894 [main] INFO  org.apache.catalina.core.StandardEngine - Starting Servlet engine: [Apache Tomcat/9.0.34]
2020-12-14 17:03:56.895 [main] INFO  org.apache.catalina.core.AprLifecycleListener - Loaded APR based Apache Tomcat Native library [1.2.25] using APR version [1.7.0].
2020-12-14 17:03:56.896 [main] INFO  org.apache.catalina.core.AprLifecycleListener - APR capabilities: IPv6 [true], sendfile [true], accept filters [false], random [true].
2020-12-14 17:03:56.896 [main] INFO  org.apache.catalina.core.AprLifecycleListener - APR/OpenSSL configuration: useAprConnector [false], useOpenSSL [true]
2020-12-14 17:03:56.899 [main] INFO  org.apache.catalina.core.AprLifecycleListener - OpenSSL successfully initialized [OpenSSL 1.1.1g  21 Apr 2020]
2020-12-14 17:03:56.986 [main] INFO  o.a.c.core.ContainerBase.[Tomcat].[localhost].[/] - Initializing Spring embedded WebApplicationContext
2020-12-14 17:03:56.987 [main] INFO  org.springframework.web.context.ContextLoader - Root WebApplicationContext: initialization completed in 853 ms
2020-12-14 17:03:57.138 [main] INFO  o.s.scheduling.concurrent.ThreadPoolTaskExecutor - Initializing ExecutorService 'applicationTaskExecutor'
2020-12-14 17:03:57.252 [main] INFO  org.apache.coyote.http11.Http11NioProtocol - Starting ProtocolHandler ["http-nio-8081"]
2020-12-14 17:03:57.270 [main] INFO  o.s.boot.web.embedded.tomcat.TomcatWebServer - Tomcat started on port(s): 8081 (http) with context path ''
2020-12-14 17:03:57.273 [main] INFO  com.demo.oauth2.OauthWebApplication - Started OauthWebApplication in 1.745 seconds (JVM running for 2.595)
2020-12-14 17:06:59.575 [main] INFO  com.demo.oauth2.OauthWebApplication - Starting OauthWebApplication on LAPTOP-P107BEH5 with PID 22776 (D:\java\program\oauth-project\oauth-web\target\classes started by li in D:\java\program\oauth-project)
2020-12-14 17:06:59.579 [main] INFO  com.demo.oauth2.OauthWebApplication - No active profile set, falling back to default profiles: default
2020-12-14 17:07:00.372 [main] INFO  o.s.boot.web.embedded.tomcat.TomcatWebServer - Tomcat initialized with port(s): 8081 (http)
2020-12-14 17:07:00.379 [main] INFO  org.apache.coyote.http11.Http11NioProtocol - Initializing ProtocolHandler ["http-nio-8081"]
2020-12-14 17:07:00.380 [main] INFO  org.apache.catalina.core.StandardService - Starting service [Tomcat]
2020-12-14 17:07:00.380 [main] INFO  org.apache.catalina.core.StandardEngine - Starting Servlet engine: [Apache Tomcat/9.0.34]
2020-12-14 17:07:00.382 [main] INFO  org.apache.catalina.core.AprLifecycleListener - Loaded APR based Apache Tomcat Native library [1.2.25] using APR version [1.7.0].
2020-12-14 17:07:00.382 [main] INFO  org.apache.catalina.core.AprLifecycleListener - APR capabilities: IPv6 [true], sendfile [true], accept filters [false], random [true].
2020-12-14 17:07:00.382 [main] INFO  org.apache.catalina.core.AprLifecycleListener - APR/OpenSSL configuration: useAprConnector [false], useOpenSSL [true]
2020-12-14 17:07:00.386 [main] INFO  org.apache.catalina.core.AprLifecycleListener - OpenSSL successfully initialized [OpenSSL 1.1.1g  21 Apr 2020]
2020-12-14 17:07:00.477 [main] INFO  o.a.c.core.ContainerBase.[Tomcat].[localhost].[/] - Initializing Spring embedded WebApplicationContext
2020-12-14 17:07:00.477 [main] INFO  org.springframework.web.context.ContextLoader - Root WebApplicationContext: initialization completed in 856 ms
2020-12-14 17:07:00.648 [main] INFO  o.s.scheduling.concurrent.ThreadPoolTaskExecutor - Initializing ExecutorService 'applicationTaskExecutor'
2020-12-14 17:07:00.755 [main] INFO  org.apache.coyote.http11.Http11NioProtocol - Starting ProtocolHandler ["http-nio-8081"]
2020-12-14 17:07:00.776 [main] INFO  o.s.boot.web.embedded.tomcat.TomcatWebServer - Tomcat started on port(s): 8081 (http) with context path ''
2020-12-14 17:07:00.779 [main] INFO  com.demo.oauth2.OauthWebApplication - Started OauthWebApplication in 1.828 seconds (JVM running for 2.78)
2020-12-14 17:07:13.949 [http-nio-8081-exec-1] INFO  o.a.c.core.ContainerBase.[Tomcat].[localhost].[/] - Initializing Spring DispatcherServlet 'dispatcherServlet'
2020-12-14 17:07:13.950 [http-nio-8081-exec-1] INFO  org.springframework.web.servlet.DispatcherServlet - Initializing Servlet 'dispatcherServlet'
2020-12-14 17:07:13.954 [http-nio-8081-exec-1] INFO  org.springframework.web.servlet.DispatcherServlet - Completed initialization in 4 ms
2020-12-14 17:10:34.860 [main] INFO  com.demo.oauth2.OauthWebApplication - Starting OauthWebApplication on LAPTOP-P107BEH5 with PID 23116 (D:\java\program\oauth-project\oauth-web\target\classes started by li in D:\java\program\oauth-project)
2020-12-14 17:10:34.863 [main] INFO  com.demo.oauth2.OauthWebApplication - No active profile set, falling back to default profiles: default
2020-12-14 17:10:35.828 [main] INFO  o.s.boot.web.embedded.tomcat.TomcatWebServer - Tomcat initialized with port(s): 8081 (http)
2020-12-14 17:10:35.838 [main] INFO  org.apache.coyote.http11.Http11NioProtocol - Initializing ProtocolHandler ["http-nio-8081"]
2020-12-14 17:10:35.839 [main] INFO  org.apache.catalina.core.StandardService - Starting service [Tomcat]
2020-12-14 17:10:35.839 [main] INFO  org.apache.catalina.core.StandardEngine - Starting Servlet engine: [Apache Tomcat/9.0.34]
2020-12-14 17:10:35.841 [main] INFO  org.apache.catalina.core.AprLifecycleListener - Loaded APR based Apache Tomcat Native library [1.2.25] using APR version [1.7.0].
2020-12-14 17:10:35.841 [main] INFO  org.apache.catalina.core.AprLifecycleListener - APR capabilities: IPv6 [true], sendfile [true], accept filters [false], random [true].
2020-12-14 17:10:35.842 [main] INFO  org.apache.catalina.core.AprLifecycleListener - APR/OpenSSL configuration: useAprConnector [false], useOpenSSL [true]
2020-12-14 17:10:35.846 [main] INFO  org.apache.catalina.core.AprLifecycleListener - OpenSSL successfully initialized [OpenSSL 1.1.1g  21 Apr 2020]
2020-12-14 17:10:35.920 [main] INFO  o.a.c.core.ContainerBase.[Tomcat].[localhost].[/] - Initializing Spring embedded WebApplicationContext
2020-12-14 17:10:35.920 [main] INFO  org.springframework.web.context.ContextLoader - Root WebApplicationContext: initialization completed in 1009 ms
2020-12-14 17:10:36.122 [main] INFO  o.s.scheduling.concurrent.ThreadPoolTaskExecutor - Initializing ExecutorService 'applicationTaskExecutor'
2020-12-14 17:10:36.232 [main] INFO  org.apache.coyote.http11.Http11NioProtocol - Starting ProtocolHandler ["http-nio-8081"]
2020-12-14 17:10:36.249 [main] INFO  o.s.boot.web.embedded.tomcat.TomcatWebServer - Tomcat started on port(s): 8081 (http) with context path ''
2020-12-14 17:10:36.251 [main] INFO  com.demo.oauth2.OauthWebApplication - Started OauthWebApplication in 2.024 seconds (JVM running for 2.85)
2020-12-14 17:10:39.928 [http-nio-8081-exec-1] INFO  o.a.c.core.ContainerBase.[Tomcat].[localhost].[/] - Initializing Spring DispatcherServlet 'dispatcherServlet'
2020-12-14 17:10:39.928 [http-nio-8081-exec-1] INFO  org.springframework.web.servlet.DispatcherServlet - Initializing Servlet 'dispatcherServlet'
2020-12-14 17:10:39.936 [http-nio-8081-exec-1] INFO  org.springframework.web.servlet.DispatcherServlet - Completed initialization in 7 ms
2020-12-14 17:13:54.802 [http-nio-8081-exec-4] INFO  c.d.o.common.interceptor.ControllerInterceptor - 请求| ip:0:0:0:0:0:0:0:1 | 请求接口:http://localhost:8081/clientoauth | 请求类:com.demo.oauth2.client.controller.AuthController | 方法 :client | 参数: | 请求header:host=localhost:8081|connection=keep-alive|upgrade-insecure-requests=1|user-agent=Mozilla/5.0 (Windows NT 10.0; Win64; x64) AppleWebKit/537.36 (KHTML, like Gecko) Chrome/86.0.4240.75 Safari/537.36|accept=text/html,application/xhtml+xml,application/xml;q=0.9,image/avif,image/webp,image/apng,*/*;q=0.8,application/signed-exchange;v=b3;q=0.9|sec-fetch-site=none|sec-fetch-mode=navigate|sec-fetch-user=?1|sec-fetch-dest=document|accept-encoding=gzip, deflate, br|accept-language=zh-CN,zh;q=0.9|请求时间 :1607937234802
2020-12-14 17:13:54.810 [http-nio-8081-exec-4] INFO  c.d.o.common.interceptor.ControllerInterceptor - 返回| 请求接口:http://localhost:8081/clientoauth| 方法 :client | 请求时间:1607937234802 | 处理时间:8 毫秒 | 返回结果 :ModelAndView [view="clientoauth"; model=null]
2020-12-14 17:13:54.816 [http-nio-8081-exec-4] WARN  o.s.w.servlet.resource.ResourceHttpRequestHandler - Path with "WEB-INF" or "META-INF": [WEB-INF/jsp/clientoauth.jsp]
2020-12-14 17:14:59.675 [main] INFO  com.demo.oauth2.OauthWebApplication - Starting OauthWebApplication on LAPTOP-P107BEH5 with PID 21828 (D:\java\program\oauth-project\oauth-web\target\classes started by li in D:\java\program\oauth-project)
2020-12-14 17:14:59.679 [main] INFO  com.demo.oauth2.OauthWebApplication - No active profile set, falling back to default profiles: default
2020-12-14 17:15:00.569 [main] INFO  o.s.boot.web.embedded.tomcat.TomcatWebServer - Tomcat initialized with port(s): 8081 (http)
2020-12-14 17:15:00.577 [main] INFO  org.apache.coyote.http11.Http11NioProtocol - Initializing ProtocolHandler ["http-nio-8081"]
2020-12-14 17:15:00.577 [main] INFO  org.apache.catalina.core.StandardService - Starting service [Tomcat]
2020-12-14 17:15:00.577 [main] INFO  org.apache.catalina.core.StandardEngine - Starting Servlet engine: [Apache Tomcat/9.0.34]
2020-12-14 17:15:00.579 [main] INFO  org.apache.catalina.core.AprLifecycleListener - Loaded APR based Apache Tomcat Native library [1.2.25] using APR version [1.7.0].
2020-12-14 17:15:00.579 [main] INFO  org.apache.catalina.core.AprLifecycleListener - APR capabilities: IPv6 [true], sendfile [true], accept filters [false], random [true].
2020-12-14 17:15:00.579 [main] INFO  org.apache.catalina.core.AprLifecycleListener - APR/OpenSSL configuration: useAprConnector [false], useOpenSSL [true]
2020-12-14 17:15:00.582 [main] INFO  org.apache.catalina.core.AprLifecycleListener - OpenSSL successfully initialized [OpenSSL 1.1.1g  21 Apr 2020]
2020-12-14 17:15:00.655 [main] INFO  o.a.c.core.ContainerBase.[Tomcat].[localhost].[/] - Initializing Spring embedded WebApplicationContext
2020-12-14 17:15:00.656 [main] INFO  org.springframework.web.context.ContextLoader - Root WebApplicationContext: initialization completed in 918 ms
2020-12-14 17:15:00.853 [main] INFO  o.s.scheduling.concurrent.ThreadPoolTaskExecutor - Initializing ExecutorService 'applicationTaskExecutor'
2020-12-14 17:15:00.958 [main] INFO  org.apache.coyote.http11.Http11NioProtocol - Starting ProtocolHandler ["http-nio-8081"]
2020-12-14 17:15:00.975 [main] INFO  o.s.boot.web.embedded.tomcat.TomcatWebServer - Tomcat started on port(s): 8081 (http) with context path ''
2020-12-14 17:15:00.977 [main] INFO  com.demo.oauth2.OauthWebApplication - Started OauthWebApplication in 1.86 seconds (JVM running for 2.776)
2020-12-14 17:15:15.669 [http-nio-8081-exec-1] INFO  o.a.c.core.ContainerBase.[Tomcat].[localhost].[/] - Initializing Spring DispatcherServlet 'dispatcherServlet'
2020-12-14 17:15:15.670 [http-nio-8081-exec-1] INFO  org.springframework.web.servlet.DispatcherServlet - Initializing Servlet 'dispatcherServlet'
2020-12-14 17:15:15.675 [http-nio-8081-exec-1] INFO  org.springframework.web.servlet.DispatcherServlet - Completed initialization in 5 ms
2020-12-14 17:27:58.294 [main] INFO  com.demo.oauth2.OauthWebApplication - Starting OauthWebApplication on LAPTOP-P107BEH5 with PID 5252 (D:\java\program\oauth-project\oauth-web\target\classes started by li in D:\java\program\oauth-project)
2020-12-14 17:27:58.297 [main] DEBUG com.demo.oauth2.OauthWebApplication - Running with Spring Boot v2.2.7.RELEASE, Spring v5.2.6.RELEASE
2020-12-14 17:27:58.297 [main] INFO  com.demo.oauth2.OauthWebApplication - The following profiles are active: dev
2020-12-14 17:27:59.178 [main] INFO  o.s.boot.web.embedded.tomcat.TomcatWebServer - Tomcat initialized with port(s): 8080 (http)
2020-12-14 17:27:59.185 [main] INFO  org.apache.coyote.http11.Http11NioProtocol - Initializing ProtocolHandler ["http-nio-8080"]
2020-12-14 17:27:59.186 [main] INFO  org.apache.catalina.core.StandardService - Starting service [Tomcat]
2020-12-14 17:27:59.186 [main] INFO  org.apache.catalina.core.StandardEngine - Starting Servlet engine: [Apache Tomcat/9.0.34]
2020-12-14 17:27:59.187 [main] INFO  org.apache.catalina.core.AprLifecycleListener - Loaded APR based Apache Tomcat Native library [1.2.25] using APR version [1.7.0].
2020-12-14 17:27:59.187 [main] INFO  org.apache.catalina.core.AprLifecycleListener - APR capabilities: IPv6 [true], sendfile [true], accept filters [false], random [true].
2020-12-14 17:27:59.188 [main] INFO  org.apache.catalina.core.AprLifecycleListener - APR/OpenSSL configuration: useAprConnector [false], useOpenSSL [true]
2020-12-14 17:27:59.191 [main] INFO  org.apache.catalina.core.AprLifecycleListener - OpenSSL successfully initialized [OpenSSL 1.1.1g  21 Apr 2020]
2020-12-14 17:27:59.264 [main] INFO  o.a.c.c.C.[Tomcat].[localhost].[/oauth-web] - Initializing Spring embedded WebApplicationContext
2020-12-14 17:27:59.265 [main] INFO  org.springframework.web.context.ContextLoader - Root WebApplicationContext: initialization completed in 927 ms
2020-12-14 17:27:59.461 [main] INFO  o.s.scheduling.concurrent.ThreadPoolTaskExecutor - Initializing ExecutorService 'applicationTaskExecutor'
2020-12-14 17:27:59.569 [main] INFO  org.apache.coyote.http11.Http11NioProtocol - Starting ProtocolHandler ["http-nio-8080"]
2020-12-14 17:27:59.587 [main] INFO  o.s.boot.web.embedded.tomcat.TomcatWebServer - Tomcat started on port(s): 8080 (http) with context path '/oauth-web'
2020-12-14 17:27:59.589 [main] INFO  com.demo.oauth2.OauthWebApplication - Started OauthWebApplication in 1.834 seconds (JVM running for 2.607)
2020-12-14 17:28:30.068 [main] INFO  com.demo.oauth2.OauthWebApplication - Starting OauthWebApplication on LAPTOP-P107BEH5 with PID 9412 (D:\java\program\oauth-project\oauth-web\target\classes started by li in D:\java\program\oauth-project)
2020-12-14 17:28:30.071 [main] DEBUG com.demo.oauth2.OauthWebApplication - Running with Spring Boot v2.2.7.RELEASE, Spring v5.2.6.RELEASE
2020-12-14 17:28:30.071 [main] INFO  com.demo.oauth2.OauthWebApplication - The following profiles are active: dev
2020-12-14 17:28:30.894 [main] INFO  o.s.boot.web.embedded.tomcat.TomcatWebServer - Tomcat initialized with port(s): 8081 (http)
2020-12-14 17:28:30.901 [main] INFO  org.apache.coyote.http11.Http11NioProtocol - Initializing ProtocolHandler ["http-nio-8081"]
2020-12-14 17:28:30.902 [main] INFO  org.apache.catalina.core.StandardService - Starting service [Tomcat]
2020-12-14 17:28:30.902 [main] INFO  org.apache.catalina.core.StandardEngine - Starting Servlet engine: [Apache Tomcat/9.0.34]
2020-12-14 17:28:30.903 [main] INFO  org.apache.catalina.core.AprLifecycleListener - Loaded APR based Apache Tomcat Native library [1.2.25] using APR version [1.7.0].
2020-12-14 17:28:30.904 [main] INFO  org.apache.catalina.core.AprLifecycleListener - APR capabilities: IPv6 [true], sendfile [true], accept filters [false], random [true].
2020-12-14 17:28:30.904 [main] INFO  org.apache.catalina.core.AprLifecycleListener - APR/OpenSSL configuration: useAprConnector [false], useOpenSSL [true]
2020-12-14 17:28:30.907 [main] INFO  org.apache.catalina.core.AprLifecycleListener - OpenSSL successfully initialized [OpenSSL 1.1.1g  21 Apr 2020]
2020-12-14 17:28:30.984 [main] INFO  o.a.c.c.C.[Tomcat].[localhost].[/oauth-web] - Initializing Spring embedded WebApplicationContext
2020-12-14 17:28:30.984 [main] INFO  org.springframework.web.context.ContextLoader - Root WebApplicationContext: initialization completed in 874 ms
2020-12-14 17:28:31.182 [main] INFO  o.s.scheduling.concurrent.ThreadPoolTaskExecutor - Initializing ExecutorService 'applicationTaskExecutor'
2020-12-14 17:28:31.288 [main] INFO  org.apache.coyote.http11.Http11NioProtocol - Starting ProtocolHandler ["http-nio-8081"]
2020-12-14 17:28:31.306 [main] INFO  o.s.boot.web.embedded.tomcat.TomcatWebServer - Tomcat started on port(s): 8081 (http) with context path '/oauth-web'
2020-12-14 17:28:31.308 [main] INFO  com.demo.oauth2.OauthWebApplication - Started OauthWebApplication in 1.753 seconds (JVM running for 2.534)
2020-12-14 17:28:35.943 [http-nio-8081-exec-1] INFO  o.a.c.c.C.[Tomcat].[localhost].[/oauth-web] - Initializing Spring DispatcherServlet 'dispatcherServlet'
2020-12-14 17:28:35.943 [http-nio-8081-exec-1] INFO  org.springframework.web.servlet.DispatcherServlet - Initializing Servlet 'dispatcherServlet'
2020-12-14 17:28:35.949 [http-nio-8081-exec-1] INFO  org.springframework.web.servlet.DispatcherServlet - Completed initialization in 6 ms
2020-12-14 17:28:35.969 [http-nio-8081-exec-1] INFO  c.d.o.common.interceptor.ControllerInterceptor - 请求| ip:0:0:0:0:0:0:0:1 | 请求接口:http://localhost:8081/oauth-web/clientoauth | 请求类:com.demo.oauth2.client.controller.AuthController | 方法 :client | 参数: | 请求header:host=localhost:8081|connection=keep-alive|cache-control=max-age=0|upgrade-insecure-requests=1|user-agent=Mozilla/5.0 (Windows NT 10.0; Win64; x64) AppleWebKit/537.36 (KHTML, like Gecko) Chrome/86.0.4240.75 Safari/537.36|accept=text/html,application/xhtml+xml,application/xml;q=0.9,image/avif,image/webp,image/apng,*/*;q=0.8,application/signed-exchange;v=b3;q=0.9|sec-fetch-site=none|sec-fetch-mode=navigate|sec-fetch-user=?1|sec-fetch-dest=document|accept-encoding=gzip, deflate, br|accept-language=zh-CN,zh;q=0.9|请求时间 :1607938115969
2020-12-14 17:28:35.978 [http-nio-8081-exec-1] INFO  c.d.o.common.interceptor.ControllerInterceptor - 返回| 请求接口:http://localhost:8081/oauth-web/clientoauth| 方法 :client | 请求时间:1607938115969 | 处理时间:9 毫秒 | 返回结果 :ModelAndView [view="clientoauth"; model=null]
2020-12-14 17:28:35.991 [http-nio-8081-exec-1] WARN  o.s.w.servlet.resource.ResourceHttpRequestHandler - Path with "WEB-INF" or "META-INF": [WEB-INF/jsp/clientoauth.jsp]
2020-12-14 17:31:22.786 [main] INFO  com.demo.oauth2.OauthWebApplication - Starting OauthWebApplication on LAPTOP-P107BEH5 with PID 16300 (D:\java\program\oauth-project\oauth-web\target\classes started by li in D:\java\program\oauth-project)
2020-12-14 17:31:22.789 [main] DEBUG com.demo.oauth2.OauthWebApplication - Running with Spring Boot v2.2.7.RELEASE, Spring v5.2.6.RELEASE
2020-12-14 17:31:22.789 [main] INFO  com.demo.oauth2.OauthWebApplication - The following profiles are active: dev
2020-12-14 17:31:23.728 [main] INFO  o.s.boot.web.embedded.tomcat.TomcatWebServer - Tomcat initialized with port(s): 8081 (http)
2020-12-14 17:31:23.735 [main] INFO  org.apache.coyote.http11.Http11NioProtocol - Initializing ProtocolHandler ["http-nio-8081"]
2020-12-14 17:31:23.736 [main] INFO  org.apache.catalina.core.StandardService - Starting service [Tomcat]
2020-12-14 17:31:23.736 [main] INFO  org.apache.catalina.core.StandardEngine - Starting Servlet engine: [Apache Tomcat/9.0.34]
2020-12-14 17:31:23.737 [main] INFO  org.apache.catalina.core.AprLifecycleListener - Loaded APR based Apache Tomcat Native library [1.2.25] using APR version [1.7.0].
2020-12-14 17:31:23.738 [main] INFO  org.apache.catalina.core.AprLifecycleListener - APR capabilities: IPv6 [true], sendfile [true], accept filters [false], random [true].
2020-12-14 17:31:23.738 [main] INFO  org.apache.catalina.core.AprLifecycleListener - APR/OpenSSL configuration: useAprConnector [false], useOpenSSL [true]
2020-12-14 17:31:23.741 [main] INFO  org.apache.catalina.core.AprLifecycleListener - OpenSSL successfully initialized [OpenSSL 1.1.1g  21 Apr 2020]
2020-12-14 17:31:23.819 [main] INFO  o.a.c.c.C.[Tomcat].[localhost].[/oauth-web] - Initializing Spring embedded WebApplicationContext
2020-12-14 17:31:23.819 [main] INFO  org.springframework.web.context.ContextLoader - Root WebApplicationContext: initialization completed in 988 ms
2020-12-14 17:31:24.025 [main] INFO  o.s.scheduling.concurrent.ThreadPoolTaskExecutor - Initializing ExecutorService 'applicationTaskExecutor'
2020-12-14 17:31:24.132 [main] INFO  org.apache.coyote.http11.Http11NioProtocol - Starting ProtocolHandler ["http-nio-8081"]
2020-12-14 17:31:24.150 [main] INFO  o.s.boot.web.embedded.tomcat.TomcatWebServer - Tomcat started on port(s): 8081 (http) with context path '/oauth-web'
2020-12-14 17:31:24.152 [main] INFO  com.demo.oauth2.OauthWebApplication - Started OauthWebApplication in 1.939 seconds (JVM running for 2.755)
2020-12-14 17:31:27.487 [http-nio-8081-exec-1] INFO  o.a.c.c.C.[Tomcat].[localhost].[/oauth-web] - Initializing Spring DispatcherServlet 'dispatcherServlet'
2020-12-14 17:31:27.487 [http-nio-8081-exec-1] INFO  org.springframework.web.servlet.DispatcherServlet - Initializing Servlet 'dispatcherServlet'
2020-12-14 17:31:27.493 [http-nio-8081-exec-1] INFO  org.springframework.web.servlet.DispatcherServlet - Completed initialization in 6 ms
2020-12-14 17:31:27.513 [http-nio-8081-exec-1] INFO  c.d.o.common.interceptor.ControllerInterceptor - 请求| ip:0:0:0:0:0:0:0:1 | 请求接口:http://localhost:8081/oauth-web/clientoauth | 请求类:com.demo.oauth2.client.controller.AuthController | 方法 :client | 参数: | 请求header:host=localhost:8081|connection=keep-alive|cache-control=max-age=0|upgrade-insecure-requests=1|user-agent=Mozilla/5.0 (Windows NT 10.0; Win64; x64) AppleWebKit/537.36 (KHTML, like Gecko) Chrome/86.0.4240.75 Safari/537.36|accept=text/html,application/xhtml+xml,application/xml;q=0.9,image/avif,image/webp,image/apng,*/*;q=0.8,application/signed-exchange;v=b3;q=0.9|sec-fetch-site=none|sec-fetch-mode=navigate|sec-fetch-user=?1|sec-fetch-dest=document|accept-encoding=gzip, deflate, br|accept-language=zh-CN,zh;q=0.9|请求时间 :1607938287513
2020-12-14 17:31:27.520 [http-nio-8081-exec-1] INFO  c.d.o.common.interceptor.ControllerInterceptor - 返回| 请求接口:http://localhost:8081/oauth-web/clientoauth| 方法 :client | 请求时间:1607938287513 | 处理时间:7 毫秒 | 返回结果 :ModelAndView [view="/templates/clientoauth.html"; model=null]
2020-12-14 17:31:27.534 [http-nio-8081-exec-1] WARN  o.s.w.servlet.resource.ResourceHttpRequestHandler - Path with "WEB-INF" or "META-INF": [WEB-INF/jsp/templates/clientoauth.html.jsp]
